make.exe all --print-data-base --no-builtin-variables --no-builtin-rules --question
# GNU Make 3.81
# Copyright (C) 2006  Free Software Foundation, Inc.
# This is free software; see the source for copying conditions.
# There is NO warranty; not even for MERCHANTABILITY or FITNESS FOR A
# PARTICULAR PURPOSE.

# This program built for i386-pc-mingw32
 

# Make data base, printed on Mon Apr 11 10:56:56 2022

# Variables

# automatic
<D = $(patsubst %/,%,$(dir $<))
# automatic
?F = $(notdir $?)
# makefile
MAKEFLAGS = Rrqp
# environment
VSCODE_LOG_NATIVE = false
# automatic
?D = $(patsubst %/,%,$(dir $?))
# environment
BONJOUR_SDK_HOME = C:\Program Files\Bonjour SDK\
# automatic
@D = $(patsubst %/,%,$(dir $@))
# environment
HOMEDRIVE = C:
# automatic
@F = $(notdir $@)
# automatic
^D = $(patsubst %/,%,$(dir $^))
# makefile
CURDIR := c:/Users/alfan/Documents/p 
rolan-sim
# default
SHELL := sh.exe
# environment
WINDIR = C:\windows
# environment
VSCODE_NLS_CONFIG = {"locale":"en-us","availableLanguages":{},"_languagePackSupport":true}
# environment
VBOX_MSI_INSTALL_PATH = C:\Program Files\Oracle\VirtualBox\
# environment
ONEDRIVE = C:\Users\alfan\OneDrive
# environment
PUBLIC = C:\Users\Public
# environment
PATHEXT = .COM;.EXE;.BAT;.CMD;.VBS;.VBE;.JS;.JSE;.WSF;.WSH;.MSC
# makefile (from `makefile', line 1)
MAKEFILE_LIST :=  makefile
# environment
FPS_BROWSER_USER_PROFILE_STRING = Default
# environment
TMP = C:\Users\alfan\AppData\Local\Temp
# makefile (from `makefile', line 3)
SOURCES = src/main.cpp src/person.cpp src/mahasiswa.cpp src/dosen.cpp src/tendik.cpp src/database.cpp src/input.cpp src/utils.cpp
# makefile (from `makefile', line 2)
CXXFLAGS = --std=c++17 -O3 -Wextra -I.
# environment
GAMEFIRST = C:\Program Files (x86)\ASUS\GameFirst\
# environment
VSCODE_VERBOSE_LOGGING = true
# environment
PROGRAMW6432 = C:\Program Files
# environment
PROGRAMDATA = C:\ProgramData
# environment
VSCODE_IPC_HOOK_EXTHOST = \\.\pipe\vscode-ipc-3189e05c-b2f8-4dae-b317-63dad4d0318d-sock
# environment
VSCODE_CWD = C:\Users\alfan\AppData\Local\Programs\Microsoft VS Code
# environment
PATH = C:\Program Files (x86)\Common Files\Intel\Shared Libraries\redist\intel64\compiler;C:\Program Files (x86)\Common Files\Oracle\Java\javapath;C:\Program Files (x86)\Common Files\Intel\Shared Files\cpp\bin\Intel64;C:\Program Files (x86)\Intel\Intel(R) Management Engine Components\iCLS\;C:\Program Files\Intel\Intel(R) Management Engine Components\iCLS\;C:\Windows\system32;C:\Windows;C:\Windows\System32\Wbem;C:\Windows\System32\WindowsPowerShell\v1.0\;C:\Windows\System32\OpenSSH\;C:\Program Files (x86)\Intel\Intel(R) Management Engine Components\DAL;C:\Program Files\Intel\Intel(R) Management Engine Components\DAL;C:\Program Files (x86)\Intel\Intel(R) Management Engine Components\IPT;C:\Program Files\Intel\Intel(R) Management Engine Components\IPT;C:\Program Files\Intel\WiFi\bin\;C:\Program Files\Common Files\Intel\WirelessCommon\;C:\WINDOWS\system32;C:\WINDOWS;C:\WINDOWS\System32\Wbem;C:\WINDOWS\System32\WindowsPowerShell\v1.0\;C:\WINDOWS\System32\OpenSSH\;C:\Program Files\NVIDIA Corporation\NVIDIA NvDLISR;C:\Users\alfan\AppData\Local\Programs\Python\Python38-32;C:\Users\alfan\AppData\Local\Programs\Python\Python38-32;C:\Users\alfan\AppData\Local\Programs\Python\Python38-32\Scripts;C:\Users\alfan\AppData\Local\Programs\Python\Python38-32\Scripts;C:\Program Files\Git\cmd;C:\WINDOWS\system32;C:\WINDOWS;C:\WINDOWS\System32\Wbem;C:\WINDOWS\System32\WindowsPowerShell\v1.0\;C:\WINDOWS\System32\OpenSSH\;C:\Program Files (x86)\Bitvise SSH Client;C:\Program Files\PuTTY\;C:\Program Files\dotnet\;C:\MinGW\bin;C:\Program Files (x86)\NVIDIA Corporation\PhysX\Common;C:\Program Files\Perforce\Server\;C:\Program Files\Perforce\;C:\Program Files (x86)\GnuWin32\bin;C:\Users\alfan\AppData\Local\Microsoft\WindowsApps;C:\Users\alfan\AppData\Local\Programs\Python\Python38-32;C:\Users\alfan\AppData\Local\Programs\Python\Python38-32\ 
Scripts;C:\Users\alfan\AppData\Local\GitHubDesktop\bin;C:\Users\alfan\AppData\Local\Microsoft\WindowsApps;;C:\Users\alfan\AppData\Local\Programs\Microsoft VS Code\bin;C:\Users\alfan\.dotnet\tools
# environment
COMMONPROGRAMW6432 = C:\Program Files\Common Files
# environment
PROCESSOR_ARCHITECTURE = x86
# environment
USERPROFILE = C:\Users\alfan
# environment
ALLUSERSPROFILE = C:\ProgramData
# environment
VSCODE_LOG_STACK = false
# environment
NUMBER_OF_PROCESSORS = 8
# environment
ELECTRON_RUN_AS_NODE = 1
# 
 default
.FEATURES := target-specific order-only second-expansion else-if archives
# automatic
%F = $(notdir $%)
# environment
CHROME_CRASHPAD_PIPE_NAME = \\.\pipe\crashpad_17712_BFKAWEICPYEWLKDF
# environment
VSCODE_PIPE_LOGGING = true
# environment
COMPUTERNAME = LAPTOP-QSROKA2F
# environment
PROGRAMFILES = C:\Program Files (x86)
# environment
DRIVERDATA = C:\Windows\System32\Drivers\DriverData
# environment
ASL.LOG = Destination=file
# environment
ORIGINAL_XDG_CURRENT_DESKTOP = undefined
# environment
US 
ERNAME = alfan
# environment
KMP_DUPLICATE_LIB_OK = TRUE
# environment
VSCODE_AMD_ENTRYPOINT = vs/workbench/api/node/extensionHostProcess
# environment
VSCODE_CODE_CACHE_PATH = C:\Users\alfan\AppData\Roaming\Code\CachedData\8dfae7a5cd50421d10cd99cb873990460525a898
# environment
APPLICATION_INSIGHTS_NO_DIAGNOSTIC_CHANNEL = 1
# environment
COMMONPROGRAMFILES = C:\Program Files (x86)\Common Files
# environment
LOGONSERVER = \\LAPTOP-QSROKA2F
# environment
VSCODE_HANDLES_UNCAUGHT_ERRORS = true
# environment
USERDOMAIN = LAPTOP-QSROKA2F
# environment
MIC_LD_LIBRARY_PATH = C:\Program Files (x86)\Common Files\Intel\Shared Libraries\compiler\lib\mic
# default
MAKE = $(MAKE_COMMAND)
# default
MAKECMDGOALS := all
# default
MAKE_VERSION := 3.81
# makefile
.DEFAULT_GOAL := sim
# environment
C_EM64T_REDIST11 = C:\Program Files (x86)\Common Files\Intel\Shared Files\cpp\
# environment
PROGRAMFILES(X86) = C:\Program Files (x86)
# automatic
%D = $(patsubst %/,%,$(dir $%))
# environment
JD2_HOME = C:\Users\alfan\AppData\Local\ 
JDownloader 2.0
# environment
LOCALAPPDATA = C:\Users\alfan\AppData\Local
# environment
PSMODULEPATH = C:\Program Files\WindowsPowerShell\Modules;C:\windows\system32\WindowsPowerShell\v1.0\Modules
# default
MAKE_COMMAND := make.exe
# environment
PROCESSOR_ARCHITEW6432 = AMD64
# default
.VARIABLES := 
# automatic
*F = $(notdir $*)
# environment
PROCESSOR_IDENTIFIER = Intel64 Family 6 Model 158 Stepping 9, GenuineIntel
# environment
OS = Windows_NT
# environment
VSCODE_IPC_HOOK = \\.\pipe\3635878f44b8a9419d35 
3743b9ef8eee-1.66.1-main-sock
# environment
HOMEPATH = \Users\alfan
# environment
COMMONPROGRAMFILES(X86) = C:\Program Files (x86)\Common Files
# environment
PROMPT = $P$G
# environment
MFLAGS = -Rrqp
# automatic
*D = $(patsubst %/,%,$(dir $*))
# environment
INTEL_DEV_REDIST = C:\Program Files (x86)\Common Files\Intel\Shared Libraries\
# environment
SYSTEMROOT = C:\windows
# automatic
+D = $(patsubst %/,%,$(dir $+))
# automatic
+F = $(notdir $+)
# environment
APPDATA = C:\Users\alfan\AppData\Roaming
# envir 
onment
TEMP = C:\Users\alfan\AppData\Local\Temp
# environment
COMSPEC = C:\windows\system32\cmd.exe
# default
MAKEFILES := 
# automatic
<F = $(notdir $<)
# makefile (from `makefile', line 1)
CXX = g++ 
# environment
LC_ALL = C
# automatic
^F = $(notdir $^)
# default
SUFFIXES := 
# environment
SYSTEMDRIVE = C:
# environment
SESSIONNAME = Console
# environment
PROCESSOR_REVISION = 9e09
# environment
MOZ_PLUGIN_PATH = C:\Program Files (x86)\Foxit Software\Foxit Reader\plugins\
# environment
MAKELEVEL := 0
# en 
vironment
LANG = C
# environment
PROCESSOR_LEVEL = 6
# environment
FPS_BROWSER_APP_PROFILE_STRING = Internet Explorer
# environment
VSCODE_PID = 17712
# environment
USERDOMAIN_ROAMINGPROFILE = LAPTOP-QSROKA2F
# variable set hash-table stats:
# Load=101/1024=10%, Rehash=0, Collisions=10/124=8%

# Pattern-specific Variable Values

# No pattern-specific variable values.

# Directories

# : could not be stat'd.
# C:\Program Files (x86)\Common Files\Intel\Shared Libraries\redist\intel64\compiler (key C:/Program  
Files (x86)/Common Files/Intel/Shared Libraries/redist/intel64/compiler, mtime 1632393643): 17 files, no impossibilities.
# C:\Program Files (x86)\Intel\Intel(R) Management Engine Components\iCLS\ (key C:/Program Files (x86)/Intel/Intel(R) Management Engine Components/iCLS/, mtime 1582409890): 8 files, no impossibilities.
# C:\Program Files (x86)\Bitvise SSH Client (key C:/Program Files (x86)/Bitvise SSH Client, mtime 1608705590): 46 files, no impossibilities.
# C:\Windows\System32\WindowsPowerShell\v1.0\ ( 
key C:/Windows/System32/WindowsPowerShell/v1.0/, mtime 1605517078): 32 files, no impossibilities.
# C:\Windows\System32\Wbem (key C:/Windows/System32/Wbem, mtime 1647202794): 156 files, no impossibilities.
# . (key c:/Users/alfan/Documents/prolan-sim, mtime 1649642294): 10 files, no impossibilities.
# C:\Users\alfan\AppData\Local\Programs\Python\Python38-32\Scripts (key C:/Users/alfan/AppData/Local/Programs/Python/Python38-32/Scripts, mtime 1632891300): 8 files, no impossibilities.
# C:\Program Files\dotnet 
\ (key C:/Program Files/dotnet/, mtime 1644690168): 11 files, no impossibilities.
# C:\Program Files\Perforce\Server\ (key C:/Program Files/Perforce/Server/, mtime 1648646652): 15 files, no impossibilities.
# C:\MinGW\bin (key C:/MinGW/bin, mtime 1634182120): 59 files, no impossibilities.
# C:\Program Files\Intel\Intel(R) Management Engine Components\IPT (key C:/Program Files/Intel/Intel(R) Management Engine Components/IPT, mtime 1582409881): 5 files, no impossibilities.
# C:\Windows\System32\OpenSSH\: coul 
d not be stat'd.
# C:\Program Files\PuTTY\ (key C:/Program Files/PuTTY/, mtime 1612539121): 12 files, no impossibilities.
# C:\Program Files (x86)\Common Files\Oracle\Java\javapath (key C:/Program Files (x86)/Common Files/Oracle/Java/javapath, mtime 1644502994): 5 files, no impossibilities.
# C:\Program Files (x86)\NVIDIA Corporation\PhysX\Common (key C:/Program Files (x86)/NVIDIA Corporation/PhysX/Common, mtime 1643812451): 12 files, no impossibilities.
# C:\Program Files\Intel\Intel(R) Management Engine Components\DAL (key C:/Program Files/Intel/Intel(R) Management Engine Components/DAL, mtime 1582409881): 4 files, no impossibilities.
# C:\Windows (key C:/Windows, mtime 1646126069): 139 files, no impossibilities.
# C:\Users\alfan\AppData\Local\Programs\Microsoft VS Code\bin (key C:/Users/alfan/AppData/Local/Programs/Microsoft VS Code/bin, mtime 1649356883): 4 files, no impossibilities.
# C:\Program Files\Intel\Intel(R) Management Engine Components\iCLS\ (key C:/Program Files/Intel/Intel(R) Management Engine 
 Components/iCLS/, mtime 1582409881): 11 files, no impossibilities.
# C:\Program Files\Intel\WiFi\bin\ (key C:/Program Files/Intel/WiFi/bin/, mtime 1582409882): 37 files, no impossibilities.
# C:\Program Files\Common Files\Intel\WirelessCommon\ (key C:/Program Files/Common Files/Intel/WirelessCommon/, mtime 1582409878): 7 files, no impossibilities.
# C:\Users\alfan\.dotnet\tools: could not be stat'd.
# C:\Program Files\Perforce\ (key C:/Program Files/Perforce/, mtime 1644722526): 44 files, no impossibilitie 
s.
# src (key c:/Users/alfan/Documents/prolan-sim/src, mtime 1649642177): No files, no impossibilities so far.
# C:\Program Files\Git\cmd (key C:/Program Files/Git/cmd, mtime 1596697121): 8 files, no impossibilities.
# C:\Windows\system32 (key C:/Windows/system32, mtime 1649649409): 3138 files, no impossibilities.
# C:\Users\alfan\AppData\Local\GitHubDesktop\bin (key C:/Users/alfan/AppData/Local/GitHubDesktop/bin, mtime 1596987631): 4 files, no impossibilities.
# C:\Program Files (x86)\Common Files\Intel\Sh 
ared Files\cpp\bin\Intel64 (key C:/Program Files (x86)/Common Files/Intel/Shared Files/cpp/bin/Intel64, mtime 1582996600): 14 files, no impossibilities.
# C:\Users\alfan\AppData\Local\Microsoft\WindowsApps (key C:/Users/alfan/AppData/Local/Microsoft/WindowsApps, mtime 1634230773): 17 files, no impossibilities.
# C:\Program Files (x86)\Intel\Intel(R) Management Engine Components\IPT (key C:/Program Files (x86)/Intel/Intel(R) Management Engine Components/IPT, mtime 1582409890): 6 files, no impossibilities.
#  
C:\Users\alfan\AppData\Local\Programs\Python\Python38-32 (key C:/Users/alfan/AppData/Local/Programs/Python/Python38-32, mtime 1594728258): 17 files, no impossibilities.
# C:\Program Files\NVIDIA Corporation\NVIDIA NvDLISR (key C:/Program Files/NVIDIA Corporation/NVIDIA NvDLISR, mtime 1583049147): 5 files, no impossibilities.
# C:\Program Files (x86)\Intel\Intel(R) Management Engine Components\DAL (key C:/Program Files (x86)/Intel/Intel(R) Management Engine Components/DAL, mtime 1582409890): 10 files, no imp 
ossibilities.
# C:\Program Files (x86)\GnuWin32\bin (key C:/Program Files (x86)/GnuWin32/bin, mtime 1649080556): 5 files, no impossibilities.

# 3866 files, no impossibilities in 35 directories.

# Implicit Rules

src/%.o: src/%.cpp
#  commands to execute (from `makefile', line 6):
	$(CXX) $(CXXFLAGS) -c -o $@ $<
	

# 1 implicit rules, 0 (0.0%) terminal.

# Files

# Not a target:
src/database.o:
#  Implicit rule search has not been done.
#  Modification time never checked.
#  File has not been updated.

# N 
ot a target:
all:
#  Command-line target.
#  Implicit rule search has been done.
#  File does not exist.
#  File has not been updated.
# variable set hash-table stats:
# Load=0/32=0%, Rehash=0, Collisions=0/0=0%

# Not a target:
src/main.o:
#  Implicit rule search has not been done.
#  Modification time never checked.
#  File has not been updated.

# Not a target:
.DEFAULT:
#  Implicit rule search has not been done.
#  Modification time never checked.
#  File has not been updated.

# Not a target:
src/perso 
n.o:
#  Implicit rule search has not been done.
#  Modification time never checked.
#  File has not been updated.

# Not a target:
makefile:
#  Implicit rule search has been done.
#  Last modified 2022-04-10 23:54:11
#  File has been updated.
#  Successfully updated.
# variable set hash-table stats:
# Load=0/32=0%, Rehash=0, Collisions=0/0=0%

# Not a target:
src/input.o:
#  Implicit rule search has not been done.
#  Modification time never checked.
#  File has not been updated.

# Not a target:
src/tendik. 
o:
#  Implicit rule search has not been done.
#  Modification time never checked.
#  File has not been updated.

# Not a target:
.SUFFIXES:
#  Implicit rule search has not been done.
#  Modification time never checked.
#  File has not been updated.

# Not a target:
src/utils.o:
#  Implicit rule search has not been done.
#  Modification time never checked.
#  File has not been updated.

sim: src/main.o src/person.o src/mahasiswa.o src/dosen.o src/tendik.o src/database.o src/input.o src/utils.o
#  Implicit ru 
le search has not been done.
#  Modification time never checked.
#  File has not been updated.
#  commands to execute (from `makefile', line 9):
	$(CXX) $(CXXFLAGS) -o $@ $^
	

# Not a target:
src/dosen.o:
#  Implicit rule search has not been done.
#  Modification time never checked.
#  File has not been updated.

clean:
#  Implicit rule search has not been done.
#  Modification time never checked.
#  File has not been updated.
#  commands to execute (from `makefile', line 12):
	rm src/*.o
	

# Not a target 
make.exe: *** No rule to make target `all'.  Stop.

:
src/mahasiswa.o:
#  Implicit rule search has not been done.
#  Modification time never checked.
#  File has not been updated.

# files hash-table stats:
# Load=14/1024=1%, Rehash=0, Collisions=0/33=0%
# VPATH Search Paths

# No `vpath' search paths.

# No general (`VPATH' variable) search path.

# # of strings in strcache: 1
# # of strcache buffers: 1
# strcache size: total = 4096 / max = 4096 / min = 4096 / avg = 4096
# strcache free: total = 4087 / max = 4087 / min = 4087 / avg = 4087

# Finished Make data base on Mon Apr 11 10:56:56 2022

 
